2025-01-31 16:07:07,286 INFO o.a.j.u.JMeterUtils: Setting Locale to en_EN
2025-01-31 16:07:07,323 INFO o.a.j.JMeter: Loading user properties from: /usr/local/Cellar/jmeter/5.6.3/libexec/bin/user.properties
2025-01-31 16:07:07,324 INFO o.a.j.JMeter: Loading system properties from: /usr/local/Cellar/jmeter/5.6.3/libexec/bin/system.properties
2025-01-31 16:07:07,333 INFO o.a.j.JMeter: Copyright (c) 1998-2024 The Apache Software Foundation
2025-01-31 16:07:07,333 INFO o.a.j.JMeter: Version 5.6.3
2025-01-31 16:07:07,333 INFO o.a.j.JMeter: java.version=21.0.6
2025-01-31 16:07:07,333 INFO o.a.j.JMeter: java.vm.name=OpenJDK 64-Bit Server VM
2025-01-31 16:07:07,334 INFO o.a.j.JMeter: os.name=Mac OS X
2025-01-31 16:07:07,334 INFO o.a.j.JMeter: os.arch=x86_64
2025-01-31 16:07:07,334 INFO o.a.j.JMeter: os.version=15.3
2025-01-31 16:07:07,334 INFO o.a.j.JMeter: file.encoding=UTF-8
2025-01-31 16:07:07,334 INFO o.a.j.JMeter: java.awt.headless=true
2025-01-31 16:07:07,334 INFO o.a.j.JMeter: Max memory     =1073741824
2025-01-31 16:07:07,334 INFO o.a.j.JMeter: Available Processors =8
2025-01-31 16:07:07,347 INFO o.a.j.JMeter: Default Locale=English (EN)
2025-01-31 16:07:07,348 INFO o.a.j.JMeter: JMeter  Locale=English (EN)
2025-01-31 16:07:07,348 INFO o.a.j.JMeter: JMeterHome=/usr/local/Cellar/jmeter/5.6.3/libexec
2025-01-31 16:07:07,348 INFO o.a.j.JMeter: user.dir  =/Users/marcosribeirohioka/Projects/JavaJMeter
2025-01-31 16:07:07,348 INFO o.a.j.JMeter: PWD       =/Users/marcosribeirohioka/Projects/JavaJMeter
2025-01-31 16:07:07,682 INFO o.a.j.JMeter: IP: 192.168.0.28 Name: MacBook-Pro-de-Marcos.local FullName: 192.168.0.28
2025-01-31 16:07:07,708 INFO o.a.j.JMeter: Setting property 'jmeter.reportgenerator.outputdir' to:'/Users/marcosribeirohioka/Projects/JavaJMeter/results/report'
2025-01-31 16:07:07,715 INFO o.a.j.r.d.ReportGenerator: ReportGenerator will use for Parsing the separator: ','
2025-01-31 16:07:07,716 INFO o.a.j.r.d.ReportGenerator: Will only generate report from results file: results/output.jtl
2025-01-31 16:07:07,716 INFO o.a.j.r.d.ReportGenerator: Reading report generator properties from: /usr/local/Cellar/jmeter/5.6.3/libexec/bin/reportgenerator.properties
2025-01-31 16:07:07,719 INFO o.a.j.r.d.ReportGenerator: Merging with JMeter properties
2025-01-31 16:07:07,731 INFO o.a.j.r.c.ReportGeneratorConfiguration: Property 'jmeter.reportgenerator.temp_dir' not found, using default value 'temp' instead.
2025-01-31 16:07:07,734 INFO o.a.j.r.c.ReportGeneratorConfiguration: Property 'jmeter.reportgenerator.apdex_per_transaction' not found, using default value 'null' instead.
2025-01-31 16:07:07,755 INFO o.a.j.r.c.ReportGeneratorConfiguration: apdex_per_transaction is empty, not APDEX per transaction customization
2025-01-31 16:07:07,755 INFO o.a.j.r.c.ReportGeneratorConfiguration: Property 'jmeter.reportgenerator.sample_filter' not found, using default value 'null' instead.
2025-01-31 16:07:07,756 INFO o.a.j.r.c.ReportGeneratorConfiguration: Property 'jmeter.reportgenerator.report_title' not found, using default value 'null' instead.
2025-01-31 16:07:07,756 INFO o.a.j.r.c.ReportGeneratorConfiguration: Property 'jmeter.reportgenerator.start_date' not found, using default value 'null' instead.
2025-01-31 16:07:07,756 INFO o.a.j.r.c.ReportGeneratorConfiguration: Property 'jmeter.reportgenerator.end_date' not found, using default value 'null' instead.
2025-01-31 16:07:07,756 INFO o.a.j.r.c.ReportGeneratorConfiguration: Property 'jmeter.reportgenerator.date_format' not found, using default value 'null' instead.
2025-01-31 16:07:07,757 INFO o.a.j.r.c.ReportGeneratorConfiguration: Will use date range start date: null, end date: null
2025-01-31 16:07:07,764 INFO o.a.j.r.c.ReportGeneratorConfiguration: Property 'jmeter.reportgenerator.graph.totalTPS.exclude_controllers' not found, using default value 'false' instead.
2025-01-31 16:07:07,764 INFO o.a.j.r.c.ReportGeneratorConfiguration: Property 'jmeter.reportgenerator.graph.activeThreadsOverTime.exclude_controllers' not found, using default value 'false' instead.
2025-01-31 16:07:07,765 INFO o.a.j.r.c.ReportGeneratorConfiguration: Property 'jmeter.reportgenerator.graph.timeVsThreads.exclude_controllers' not found, using default value 'false' instead.
2025-01-31 16:07:07,765 INFO o.a.j.r.c.ReportGeneratorConfiguration: Property 'jmeter.reportgenerator.graph.responseTimeDistribution.exclude_controllers' not found, using default value 'false' instead.
2025-01-31 16:07:07,765 INFO o.a.j.r.c.ReportGeneratorConfiguration: Property 'jmeter.reportgenerator.graph.transactionsPerSecond.exclude_controllers' not found, using default value 'false' instead.
2025-01-31 16:07:07,765 INFO o.a.j.r.c.ReportGeneratorConfiguration: Property 'jmeter.reportgenerator.graph.responseTimePercentiles.exclude_controllers' not found, using default value 'false' instead.
2025-01-31 16:07:07,765 INFO o.a.j.r.c.ReportGeneratorConfiguration: Property 'jmeter.reportgenerator.graph.responseTimePercentilesOverTime.exclude_controllers' not found, using default value 'false' instead.
2025-01-31 16:07:07,766 INFO o.a.j.r.c.ReportGeneratorConfiguration: Property 'jmeter.reportgenerator.graph.responseTimesOverTime.exclude_controllers' not found, using default value 'false' instead.
2025-01-31 16:07:07,766 INFO o.a.j.r.c.ReportGeneratorConfiguration: Property 'jmeter.reportgenerator.graph.connectTimeOverTime.exclude_controllers' not found, using default value 'false' instead.
2025-01-31 16:07:07,766 INFO o.a.j.r.c.ReportGeneratorConfiguration: Property 'jmeter.reportgenerator.graph.latenciesOverTime.exclude_controllers' not found, using default value 'false' instead.
2025-01-31 16:07:07,767 INFO o.a.j.r.c.ReportGeneratorConfiguration: Property 'jmeter.reportgenerator.exporter.json.filters_only_sample_series' not found, using default value 'true' instead.
2025-01-31 16:07:07,767 INFO o.a.j.r.c.ReportGeneratorConfiguration: Property 'jmeter.reportgenerator.exporter.json.series_filter' not found, using default value '' instead.
2025-01-31 16:07:07,767 INFO o.a.j.r.c.ReportGeneratorConfiguration: Property 'jmeter.reportgenerator.exporter.json.show_controllers_only' not found, using default value 'false' instead.
2025-01-31 16:07:07,768 INFO o.a.j.r.c.ReportGeneratorConfiguration: Property 'jmeter.reportgenerator.exporter.html.filters_only_sample_series' not found, using default value 'true' instead.
2025-01-31 16:07:07,768 INFO o.a.j.r.c.ReportGeneratorConfiguration: Property 'jmeter.reportgenerator.exporter.html.series_filter' not found, using default value '' instead.
2025-01-31 16:07:07,768 INFO o.a.j.r.c.ReportGeneratorConfiguration: Property 'jmeter.reportgenerator.exporter.html.show_controllers_only' not found, using default value 'false' instead.
2025-01-31 16:07:08,112 INFO o.a.j.s.SaveService: Testplan (JMX) version: 2.2. Testlog (JTL) version: 2.2
2025-01-31 16:07:08,175 INFO o.a.j.s.SaveService: Using SaveService properties version 5.0
2025-01-31 16:07:08,182 INFO o.a.j.s.SaveService: Using SaveService properties file encoding UTF-8
2025-01-31 16:07:08,228 INFO o.a.j.r.p.NormalizerSampleConsumer: Using format, 'ms', to parse timeStamp field
2025-01-31 16:07:08,472 INFO o.a.j.r.p.AbstractSampleConsumer: class org.apache.jmeter.report.processor.AggregateConsumer#stopProducing(): beginDate produced 0 samples
2025-01-31 16:07:08,473 INFO o.a.j.r.p.AbstractSampleConsumer: class org.apache.jmeter.report.processor.AggregateConsumer#stopProducing(): endDate produced 0 samples
2025-01-31 16:07:08,476 INFO o.a.j.r.p.AbstractSampleConsumer: class org.apache.jmeter.report.processor.ApdexSummaryConsumer#stopProducing(): apdexSummary produced 0 samples
2025-01-31 16:07:08,477 INFO o.a.j.r.p.AbstractSampleConsumer: class org.apache.jmeter.report.processor.RequestsSummaryConsumer#stopProducing(): requestsSummary produced 0 samples
2025-01-31 16:07:08,484 INFO o.a.j.r.p.AbstractSampleConsumer: class org.apache.jmeter.report.processor.StatisticsSummaryConsumer#stopProducing(): statisticsSummary produced 0 samples
2025-01-31 16:07:08,487 INFO o.a.j.r.p.AbstractSampleConsumer: class org.apache.jmeter.report.processor.Top5ErrorsBySamplerConsumer#stopProducing(): top5ErrorsBySampler produced 0 samples
2025-01-31 16:07:08,487 INFO o.a.j.r.p.AbstractSampleConsumer: class org.apache.jmeter.report.processor.ErrorsSummaryConsumer#stopProducing(): errorsSummary produced 0 samples
2025-01-31 16:07:08,488 INFO o.a.j.r.p.AbstractSampleConsumer: class org.apache.jmeter.report.processor.graph.impl.HitsPerSecondGraphConsumer#stopProducing(): hitsPerSecond produced 0 samples
2025-01-31 16:07:08,531 INFO o.a.j.r.p.AbstractSampleConsumer: class org.apache.jmeter.report.processor.graph.impl.LatencyVSRequestGraphConsumer#stopProducing(): latencyVsRequest produced 0 samples
2025-01-31 16:07:08,532 INFO o.a.j.r.p.AbstractSampleConsumer: class org.apache.jmeter.report.processor.graph.impl.SyntheticResponseTimeDistributionGraphConsumer#stopProducing(): syntheticResponseTimeDistribution produced 0 samples
2025-01-31 16:07:08,533 INFO o.a.j.r.p.AbstractSampleConsumer: class org.apache.jmeter.report.processor.graph.impl.BytesThroughputGraphConsumer#stopProducing(): bytesThroughputOverTime produced 0 samples
2025-01-31 16:07:08,533 INFO o.a.j.r.p.AbstractSampleConsumer: class org.apache.jmeter.report.processor.graph.impl.CodesPerSecondGraphConsumer#stopProducing(): codesPerSecond produced 0 samples
2025-01-31 16:07:08,548 INFO o.a.j.r.p.AbstractSampleConsumer: class org.apache.jmeter.report.processor.graph.impl.ResponseTimeVSRequestGraphConsumer#stopProducing(): responseTimeVsRequest produced 0 samples
2025-01-31 16:07:08,549 INFO o.a.j.r.p.AbstractSampleConsumer: class org.apache.jmeter.report.processor.FilterConsumer#stopProducing(): startIntervalControlerFilter produced 3500 samples
2025-01-31 16:07:08,549 INFO o.a.j.r.p.AbstractSampleConsumer: class org.apache.jmeter.report.processor.graph.impl.TotalTPSGraphConsumer#stopProducing(): totalTPS produced 0 samples
2025-01-31 16:07:08,550 INFO o.a.j.r.p.AbstractSampleConsumer: class org.apache.jmeter.report.processor.graph.impl.ActiveThreadsGraphConsumer#stopProducing(): activeThreadsOverTime produced 0 samples
2025-01-31 16:07:08,550 INFO o.a.j.r.p.AbstractSampleConsumer: class org.apache.jmeter.report.processor.graph.impl.TimeVSThreadGraphConsumer#stopProducing(): timeVsThreads produced 0 samples
2025-01-31 16:07:08,550 INFO o.a.j.r.p.AbstractSampleConsumer: class org.apache.jmeter.report.processor.graph.impl.ResponseTimeDistributionGraphConsumer#stopProducing(): responseTimeDistribution produced 0 samples
2025-01-31 16:07:08,551 INFO o.a.j.r.p.AbstractSampleConsumer: class org.apache.jmeter.report.processor.graph.impl.TransactionsPerSecondGraphConsumer#stopProducing(): transactionsPerSecond produced 0 samples
2025-01-31 16:07:08,551 INFO o.a.j.r.p.AbstractSampleConsumer: class org.apache.jmeter.report.processor.graph.impl.ResponseTimePercentilesGraphConsumer#stopProducing(): responseTimePercentiles produced 0 samples
2025-01-31 16:07:08,558 INFO o.a.j.r.p.AbstractSampleConsumer: class org.apache.jmeter.report.processor.graph.impl.ResponseTimePercentilesOverTimeGraphConsumer#stopProducing(): responseTimePercentilesOverTime produced 0 samples
2025-01-31 16:07:08,559 INFO o.a.j.r.p.AbstractSampleConsumer: class org.apache.jmeter.report.processor.graph.impl.ResponseTimeOverTimeGraphConsumer#stopProducing(): responseTimesOverTime produced 0 samples
2025-01-31 16:07:08,559 INFO o.a.j.r.p.AbstractSampleConsumer: class org.apache.jmeter.report.processor.graph.impl.ConnectTimeOverTimeGraphConsumer#stopProducing(): connectTimeOverTime produced 0 samples
2025-01-31 16:07:08,559 INFO o.a.j.r.p.AbstractSampleConsumer: class org.apache.jmeter.report.processor.graph.impl.LatencyOverTimeGraphConsumer#stopProducing(): latenciesOverTime produced 0 samples
2025-01-31 16:07:08,559 INFO o.a.j.r.p.AbstractSampleConsumer: class org.apache.jmeter.report.processor.FilterConsumer#stopProducing(): nameFilter produced 7500 samples
2025-01-31 16:07:08,560 INFO o.a.j.r.p.AbstractSampleConsumer: class org.apache.jmeter.report.processor.FilterConsumer#stopProducing(): dateRangeFilter produced 1500 samples
2025-01-31 16:07:08,560 INFO o.a.j.r.p.AbstractSampleConsumer: class org.apache.jmeter.report.processor.NormalizerSampleConsumer#stopProducing(): normalizer produced 500 samples
2025-01-31 16:07:08,561 INFO o.a.j.r.p.CsvFileSampleSource: produce(): 500 samples produced in 280ms on channel 0
2025-01-31 16:07:08,561 INFO o.a.j.r.d.ReportGenerator: Exporting data using exporter:'json' of className:'org.apache.jmeter.report.dashboard.JsonExporter'
2025-01-31 16:07:08,793 INFO o.a.j.r.d.JsonExporter: Found data for consumer statisticsSummary in context
2025-01-31 16:07:08,794 INFO o.a.j.r.d.JsonExporter: Creating statistics for overall
2025-01-31 16:07:08,795 INFO o.a.j.r.d.JsonExporter: Creating statistics for other transactions
2025-01-31 16:07:08,795 INFO o.a.j.r.d.JsonExporter: Checking output folder
2025-01-31 16:07:08,796 INFO o.a.j.r.d.JsonExporter: Writing statistics JSON to /Users/marcosribeirohioka/Projects/JavaJMeter/results/report/statistics.json
2025-01-31 16:07:08,879 INFO o.a.j.r.d.ReportGenerator: Exporting data using exporter:'html' of className:'org.apache.jmeter.report.dashboard.HtmlTemplateExporter'
2025-01-31 16:07:08,884 INFO o.a.j.r.d.HtmlTemplateExporter: Will generate dashboard in folder: /Users/marcosribeirohioka/Projects/JavaJMeter/results/report
2025-01-31 16:07:09,116 INFO o.a.j.r.d.HtmlTemplateExporter: Report will be generated in: /Users/marcosribeirohioka/Projects/JavaJMeter/results/report, creating folder structure
2025-01-31 16:07:09,120 INFO o.a.j.r.d.TemplateVisitor: Copying folder from '/usr/local/Cellar/jmeter/5.6.3/libexec/bin/report-template' to '/Users/marcosribeirohioka/Projects/JavaJMeter/results/report', got message: /Users/marcosribeirohioka/Projects/JavaJMeter/results/report, found non empty folder with following content [/Users/marcosribeirohioka/Projects/JavaJMeter/results/report/statistics.json], will be ignored
